[2022-04-14 20:47:34,677] multiqc                                            [INFO   ]  Load MultiQC report template: zymo
[2022-04-14 20:47:34,677] multiqc                                            [DEBUG  ]  No MultiQC config found: /home/tnguyen/.local/lib/python3.8/site-packages/multiqc_config.yaml
[2022-04-14 20:47:34,677] multiqc                                            [DEBUG  ]  No MultiQC config found: /home/tnguyen/.multiqc_config.yaml
[2022-04-14 20:47:34,677] multiqc                                            [DEBUG  ]  No MultiQC config found: multiqc_config.yaml
[2022-04-14 20:47:34,677] multiqc                                            [DEBUG  ]  Command used: /home/tnguyen/.local/bin/multiqc .
[2022-04-14 20:47:36,273] multiqc                                            [WARNING]  MultiQC Version v1.12 now available!
[2022-04-14 20:47:36,273] multiqc                                            [INFO   ]  Load custom plugin search patterns
[2022-04-14 20:47:36,274] multiqc                                            [INFO   ]  This is MultiQC v1.9
[2022-04-14 20:47:36,274] multiqc                                            [DEBUG  ]  Command     : /home/tnguyen/.local/bin/multiqc .
[2022-04-14 20:47:36,274] multiqc                                            [DEBUG  ]  Working dir : /mnt/c/Zymo Research/Github/Plotly_with_R/Rplot
[2022-04-14 20:47:36,274] multiqc                                            [INFO   ]  Template    : zymo
[2022-04-14 20:47:36,274] multiqc                                            [DEBUG  ]  Running Python 3.8.10 (default, Nov 26 2021, 20:14:08)  [GCC 9.3.0]
[2022-04-14 20:47:36,274] multiqc                                            [INFO   ]  Searching   : /mnt/c/Zymo Research/Github/Plotly_with_R/Rplot
[2022-04-14 20:47:36,274] multiqc                                            [DEBUG  ]  Analysing modules: correlation, download, methyldackel, custom_content, conpair, peddy, somalier, methylQA, mosdepth, phantompeakqualtools, qualimap, preseq, quast, qorts, rna_seqc, rockhopper, rsem, rseqc, busco, goleft_indexcov, disambiguate, supernova, deeptools, sargasso, verifybamid, mirtrace, happy, mirtop, homer, macs2, theta2, snpeff, gatk, htseq, bcftools, featureCounts, fgbio, dragen, dedup, damageprofiler, biobambam2, mtnucratio, picard, prokka, samblaster, samtools, sexdeterrmine, bamtools, jellyfish, vcftools, longranger, stacks, varscan2, bbmap, bismark, biscuit, hicexplorer, hicup, hicpro, salmon, kallisto, slamdunk, star, hisat2, tophat, bowtie2, bowtie1, snpsplit, kat, leehom, adapterRemoval, clipandmerge, cutadapt, flexbar, kaiju, kraken, malt, trimmomatic, sickle, skewer, sortmerna, biobloomtools, fastq_screen, afterqc, fastp, fastqc, pycoqc, minionqc, multivcfanalyzer, clusterflow, bcl2fastq, interop, ivar, flash, seqyclean
[2022-04-14 20:47:36,274] multiqc                                            [DEBUG  ]  Using temporary directory for creating report: /tmp/tmp1o8o5euo
[2022-04-14 20:47:36,814] multiqc                                            [DEBUG  ]  File ignored by hicexplorer because it exceeded search pattern filesize limit: crosstalk.js
[2022-04-14 20:47:36,878] multiqc                                            [DEBUG  ]  File ignored by longranger/invocation because it exceeded search pattern filesize limit: crosstalk.js
[2022-04-14 20:47:37,198] multiqc                                            [DEBUG  ]  File ignored by hicexplorer because it exceeded search pattern filesize limit: crosstalk.js.map
[2022-04-14 20:47:37,266] multiqc                                            [DEBUG  ]  File ignored by longranger/invocation because it exceeded search pattern filesize limit: crosstalk.js.map
[2022-04-14 20:47:37,615] multiqc                                            [DEBUG  ]  File ignored by hicexplorer because it exceeded search pattern filesize limit: crosstalk.min.js
[2022-04-14 20:47:37,695] multiqc                                            [DEBUG  ]  File ignored by longranger/invocation because it exceeded search pattern filesize limit: crosstalk.min.js
[2022-04-14 20:47:38,054] multiqc                                            [DEBUG  ]  File ignored by hicexplorer because it exceeded search pattern filesize limit: crosstalk.min.js.map
[2022-04-14 20:47:38,153] multiqc                                            [DEBUG  ]  File ignored by longranger/invocation because it exceeded search pattern filesize limit: crosstalk.min.js.map
[2022-04-14 20:47:38,830] multiqc                                            [DEBUG  ]  File ignored by hicexplorer because it exceeded search pattern filesize limit: htmlwidgets.js
[2022-04-14 20:47:38,883] multiqc                                            [DEBUG  ]  File ignored by longranger/invocation because it exceeded search pattern filesize limit: htmlwidgets.js
[2022-04-14 20:47:39,169] multiqc                                            [DEBUG  ]  File ignored by hicexplorer because it exceeded search pattern filesize limit: jquery-AUTHORS.txt
[2022-04-14 20:47:39,222] multiqc                                            [DEBUG  ]  File ignored by longranger/invocation because it exceeded search pattern filesize limit: jquery-AUTHORS.txt
[2022-04-14 20:47:39,468] multiqc                                            [DEBUG  ]  File ignored by hicexplorer because it exceeded search pattern filesize limit: jquery.js
[2022-04-14 20:47:39,520] multiqc                                            [DEBUG  ]  File ignored by longranger/invocation because it exceeded search pattern filesize limit: jquery.js
[2022-04-14 20:47:40,313] multiqc                                            [DEBUG  ]  File ignored by hicexplorer because it exceeded search pattern filesize limit: jquery.min.js
[2022-04-14 20:47:40,402] multiqc                                            [DEBUG  ]  File ignored by longranger/invocation because it exceeded search pattern filesize limit: jquery.min.js
[2022-04-14 20:47:40,862] multiqc                                            [DEBUG  ]  File ignored by hicexplorer because it exceeded search pattern filesize limit: jquery.min.map
[2022-04-14 20:47:40,989] multiqc                                            [DEBUG  ]  File ignored by longranger/invocation because it exceeded search pattern filesize limit: jquery.min.map
[2022-04-14 20:47:41,351] multiqc                                            [DEBUG  ]  File ignored by hicexplorer because it exceeded search pattern filesize limit: plotly.js
[2022-04-14 20:47:41,404] multiqc                                            [DEBUG  ]  File ignored by longranger/invocation because it exceeded search pattern filesize limit: plotly.js
[2022-04-14 20:47:42,097] multiqc                                            [DEBUG  ]  File ignored by hicexplorer because it exceeded search pattern filesize limit: plotly-latest.min.js
[2022-04-14 20:47:42,374] multiqc                                            [DEBUG  ]  File ignored by longranger/invocation because it exceeded search pattern filesize limit: plotly-latest.min.js
[2022-04-14 20:47:42,374] multiqc                                            [DEBUG  ]  File ignored by rockhopper because it exceeded search pattern filesize limit: plotly-latest.min.js
[2022-04-14 20:47:42,374] multiqc                                            [DEBUG  ]  File ignored by rseqc/bam_stat because it exceeded search pattern filesize limit: plotly-latest.min.js
[2022-04-14 20:47:42,374] multiqc                                            [DEBUG  ]  File ignored by rseqc/junction_annotation because it exceeded search pattern filesize limit: plotly-latest.min.js
[2022-04-14 20:47:42,374] multiqc                                            [DEBUG  ]  File ignored by rseqc/read_distribution because it exceeded search pattern filesize limit: plotly-latest.min.js
[2022-04-14 20:47:42,374] multiqc                                            [DEBUG  ]  File ignored by rseqc/infer_experiment because it exceeded search pattern filesize limit: plotly-latest.min.js
[2022-04-14 20:47:42,447] multiqc                                            [DEBUG  ]  File ignored by stacks/sumstats because it exceeded search pattern filesize limit: plotly-latest.min.js
[2022-04-14 20:47:46,056] multiqc                                            [DEBUG  ]  File ignored by hicexplorer because it exceeded search pattern filesize limit: typedarray.min.js
[2022-04-14 20:47:46,163] multiqc                                            [DEBUG  ]  File ignored by longranger/invocation because it exceeded search pattern filesize limit: typedarray.min.js
[2022-04-14 20:47:46,344] multiqc                                            [ERROR  ]  Oops! The 'correlation' MultiQC module broke... 
  Please copy the following traceback and report it at https://github.com/ewels/MultiQC/issues 
  If possible, please include a log file that triggers the error - the last file found was:
    None
============================================================
Module correlation raised an exception: Traceback (most recent call last):
  File "/home/tnguyen/.local/lib/python3.8/site-packages/multiqc/multiqc.py", line 567, in run
    mod = config.avail_modules[this_module].load()
  File "/usr/lib/python3/dist-packages/pkg_resources/__init__.py", line 2445, in load
    return self.resolve()
  File "/usr/lib/python3/dist-packages/pkg_resources/__init__.py", line 2451, in resolve
    module = __import__(self.module_name, fromlist=['__name__'], level=0)
  File "/home/tnguyen/.local/lib/python3.8/site-packages/plugins/modules/correlation/__init__.py", line 1, in <module>
    from .correlation import MultiqcModule
  File "/home/tnguyen/.local/lib/python3.8/site-packages/plugins/modules/correlation/correlation.py", line 4, in <module>
    import pandas as pd
ModuleNotFoundError: No module named 'pandas'
============================================================
[2022-04-14 20:47:47,014] multiqc.plots.bargraph                             [DEBUG  ]  Using matplotlib version 3.5.1
[2022-04-14 20:47:47,015] multiqc.plots.linegraph                            [DEBUG  ]  Using matplotlib version 3.5.1
[2022-04-14 20:47:47,023] multiqc.modules.custom_content.custom_content      [INFO   ]  fig1: Found 1 sample (html)
[2022-04-14 20:47:47,023] multiqc.modules.custom_content.custom_content      [INFO   ]  fig2: Found 1 sample (html)
[2022-04-14 20:47:47,023] multiqc.modules.custom_content.custom_content      [INFO   ]  fig3: Found 1 sample (html)
[2022-04-14 20:47:47,023] multiqc.modules.custom_content.custom_content      [INFO   ]  fig4: Found 1 sample (html)
[2022-04-14 20:47:47,026] multiqc                                            [DEBUG  ]  No samples found: conpair
[2022-04-14 20:47:47,028] multiqc                                            [DEBUG  ]  No samples found: peddy
[2022-04-14 20:47:47,030] multiqc                                            [DEBUG  ]  No samples found: somalier
[2022-04-14 20:47:47,032] multiqc                                            [DEBUG  ]  No samples found: methylQA
[2022-04-14 20:47:47,035] multiqc                                            [DEBUG  ]  No samples found: mosdepth
[2022-04-14 20:47:47,037] multiqc                                            [DEBUG  ]  No samples found: phantompeakqualtools
[2022-04-14 20:47:47,039] multiqc                                            [DEBUG  ]  No samples found: qualimap
[2022-04-14 20:47:47,041] multiqc                                            [DEBUG  ]  No samples found: preseq
[2022-04-14 20:47:47,043] multiqc                                            [DEBUG  ]  No samples found: quast
[2022-04-14 20:47:47,045] multiqc                                            [DEBUG  ]  No samples found: qorts
[2022-04-14 20:47:47,047] multiqc                                            [DEBUG  ]  No samples found: rna_seqc
[2022-04-14 20:47:47,049] multiqc                                            [DEBUG  ]  No samples found: rockhopper
[2022-04-14 20:47:47,051] multiqc                                            [DEBUG  ]  No samples found: rsem
[2022-04-14 20:47:47,053] multiqc                                            [DEBUG  ]  No samples found: rseqc
[2022-04-14 20:47:47,055] multiqc                                            [DEBUG  ]  No samples found: busco
[2022-04-14 20:47:47,057] multiqc                                            [DEBUG  ]  No samples found: goleft_indexcov
[2022-04-14 20:47:47,059] multiqc                                            [DEBUG  ]  No samples found: disambiguate
[2022-04-14 20:47:47,061] multiqc                                            [DEBUG  ]  No samples found: supernova
[2022-04-14 20:47:47,064] multiqc                                            [DEBUG  ]  No samples found: deeptools
[2022-04-14 20:47:47,066] multiqc                                            [DEBUG  ]  No samples found: sargasso
[2022-04-14 20:47:47,068] multiqc                                            [DEBUG  ]  No samples found: verifybamid
[2022-04-14 20:47:47,070] multiqc                                            [DEBUG  ]  No samples found: mirtrace
[2022-04-14 20:47:47,071] multiqc                                            [DEBUG  ]  No samples found: happy
[2022-04-14 20:47:47,073] multiqc                                            [DEBUG  ]  No samples found: mirtop
[2022-04-14 20:47:47,075] multiqc                                            [DEBUG  ]  No samples found: homer
[2022-04-14 20:47:47,077] multiqc                                            [DEBUG  ]  No samples found: macs2
[2022-04-14 20:47:47,079] multiqc                                            [DEBUG  ]  No samples found: theta2
[2022-04-14 20:47:47,081] multiqc                                            [DEBUG  ]  No samples found: snpeff
[2022-04-14 20:47:47,083] multiqc                                            [DEBUG  ]  No samples found: gatk
[2022-04-14 20:47:47,084] multiqc                                            [DEBUG  ]  No samples found: htseq
[2022-04-14 20:47:47,086] multiqc                                            [DEBUG  ]  No samples found: bcftools
[2022-04-14 20:47:47,088] multiqc                                            [DEBUG  ]  No samples found: featureCounts
[2022-04-14 20:47:47,090] multiqc                                            [DEBUG  ]  No samples found: fgbio
[2022-04-14 20:47:47,094] multiqc                                            [DEBUG  ]  No samples found: dragen
[2022-04-14 20:47:47,097] multiqc                                            [DEBUG  ]  No samples found: dedup
[2022-04-14 20:47:47,100] multiqc                                            [DEBUG  ]  No samples found: damageprofiler
[2022-04-14 20:47:47,104] multiqc                                            [DEBUG  ]  No samples found: biobambam2
[2022-04-14 20:47:47,107] multiqc                                            [DEBUG  ]  No samples found: mtnucratio
[2022-04-14 20:47:47,109] multiqc                                            [DEBUG  ]  No samples found: picard
[2022-04-14 20:47:47,111] multiqc                                            [DEBUG  ]  No samples found: prokka
[2022-04-14 20:47:47,112] multiqc                                            [DEBUG  ]  No samples found: samblaster
[2022-04-14 20:47:47,115] multiqc                                            [DEBUG  ]  No samples found: samtools
[2022-04-14 20:47:47,117] multiqc                                            [DEBUG  ]  No samples found: sexdeterrmine
[2022-04-14 20:47:47,118] multiqc                                            [DEBUG  ]  No samples found: bamtools
[2022-04-14 20:47:47,120] multiqc                                            [DEBUG  ]  No samples found: jellyfish
[2022-04-14 20:47:47,122] multiqc                                            [DEBUG  ]  No samples found: vcftools
[2022-04-14 20:47:47,125] multiqc                                            [DEBUG  ]  No samples found: longranger
[2022-04-14 20:47:47,127] multiqc                                            [DEBUG  ]  No samples found: stacks
[2022-04-14 20:47:47,129] multiqc                                            [DEBUG  ]  No samples found: varscan2
[2022-04-14 20:47:47,132] multiqc                                            [DEBUG  ]  No samples found: bbmap
[2022-04-14 20:47:47,134] multiqc                                            [DEBUG  ]  No samples found: bismark
[2022-04-14 20:47:47,137] multiqc                                            [DEBUG  ]  No samples found: biscuit
[2022-04-14 20:47:47,139] multiqc                                            [DEBUG  ]  No samples found: hicexplorer
[2022-04-14 20:47:47,141] multiqc                                            [DEBUG  ]  No samples found: hicup
[2022-04-14 20:47:47,143] multiqc                                            [DEBUG  ]  No samples found: hicpro
[2022-04-14 20:47:47,144] multiqc                                            [DEBUG  ]  No samples found: salmon
[2022-04-14 20:47:47,146] multiqc                                            [DEBUG  ]  No samples found: kallisto
[2022-04-14 20:47:47,148] multiqc                                            [DEBUG  ]  No samples found: slamdunk
[2022-04-14 20:47:47,150] multiqc                                            [DEBUG  ]  No samples found: star
[2022-04-14 20:47:47,152] multiqc                                            [DEBUG  ]  No samples found: hisat2
[2022-04-14 20:47:47,155] multiqc                                            [DEBUG  ]  No samples found: tophat
[2022-04-14 20:47:47,158] multiqc                                            [DEBUG  ]  No samples found: bowtie2
[2022-04-14 20:47:47,160] multiqc                                            [DEBUG  ]  No samples found: bowtie1
[2022-04-14 20:47:47,163] multiqc                                            [DEBUG  ]  No samples found: snpsplit
[2022-04-14 20:47:47,166] multiqc                                            [DEBUG  ]  No samples found: kat
[2022-04-14 20:47:47,168] multiqc                                            [DEBUG  ]  No samples found: leehom
[2022-04-14 20:47:47,171] multiqc                                            [DEBUG  ]  No samples found: adapterRemoval
[2022-04-14 20:47:47,174] multiqc                                            [DEBUG  ]  No samples found: clipandmerge
[2022-04-14 20:47:47,177] multiqc                                            [DEBUG  ]  No samples found: cutadapt
[2022-04-14 20:47:47,180] multiqc                                            [DEBUG  ]  No samples found: flexbar
[2022-04-14 20:47:47,182] multiqc                                            [DEBUG  ]  No samples found: kaiju
[2022-04-14 20:47:47,185] multiqc                                            [DEBUG  ]  No samples found: kraken
[2022-04-14 20:47:47,188] multiqc                                            [DEBUG  ]  No samples found: malt
[2022-04-14 20:47:47,191] multiqc                                            [DEBUG  ]  No samples found: trimmomatic
[2022-04-14 20:47:47,194] multiqc                                            [DEBUG  ]  No samples found: sickle
[2022-04-14 20:47:47,196] multiqc                                            [DEBUG  ]  No samples found: skewer
[2022-04-14 20:47:47,198] multiqc                                            [DEBUG  ]  No samples found: sortmerna
[2022-04-14 20:47:47,201] multiqc                                            [DEBUG  ]  No samples found: biobloomtools
[2022-04-14 20:47:47,203] multiqc                                            [DEBUG  ]  No samples found: fastq_screen
[2022-04-14 20:47:47,206] multiqc                                            [DEBUG  ]  No samples found: afterqc
[2022-04-14 20:47:47,210] multiqc                                            [DEBUG  ]  No samples found: fastp
[2022-04-14 20:47:47,213] multiqc                                            [DEBUG  ]  No samples found: fastqc
[2022-04-14 20:47:47,215] multiqc                                            [DEBUG  ]  No samples found: pycoqc
[2022-04-14 20:47:47,217] multiqc                                            [DEBUG  ]  No samples found: minionqc
[2022-04-14 20:47:47,220] multiqc                                            [DEBUG  ]  No samples found: multivcfanalyzer
[2022-04-14 20:47:47,222] multiqc                                            [DEBUG  ]  No samples found: clusterflow
[2022-04-14 20:47:47,226] multiqc                                            [DEBUG  ]  No samples found: bcl2fastq
[2022-04-14 20:47:47,231] multiqc                                            [DEBUG  ]  No samples found: interop
[2022-04-14 20:47:47,234] multiqc                                            [DEBUG  ]  No samples found: ivar
[2022-04-14 20:47:47,238] multiqc                                            [DEBUG  ]  No samples found: flash
[2022-04-14 20:47:47,240] multiqc                                            [DEBUG  ]  No samples found: seqyclean
[2022-04-14 20:47:47,240] multiqc                                            [INFO   ]  Compressing plot data
[2022-04-14 20:47:47,242] multiqc                                            [INFO   ]  Report      : multiqc_report.html
[2022-04-14 20:47:47,242] multiqc                                            [INFO   ]  Data        : multiqc_data
[2022-04-14 20:47:47,242] multiqc                                            [DEBUG  ]  Moving data file from '/tmp/tmp1o8o5euo/multiqc_data' to '/mnt/c/Zymo Research/Github/Plotly_with_R/Rplot/multiqc_data'
[2022-04-14 20:47:47,396] multiqc                                            [INFO   ]  MultiQC complete
