[2022-04-13 22:01:46,098] multiqc                                            [INFO   ]  Load MultiQC report template: zymo
[2022-04-13 22:01:46,099] multiqc                                            [DEBUG  ]  No MultiQC config found: /home/tnguyen/.local/lib/python3.8/site-packages/multiqc_config.yaml
[2022-04-13 22:01:46,099] multiqc                                            [DEBUG  ]  No MultiQC config found: /home/tnguyen/.multiqc_config.yaml
[2022-04-13 22:01:46,099] multiqc                                            [DEBUG  ]  No MultiQC config found: multiqc_config.yaml
[2022-04-13 22:01:46,099] multiqc                                            [DEBUG  ]  Command used: /home/tnguyen/.local/bin/multiqc .
[2022-04-13 22:01:47,388] multiqc                                            [WARNING]  MultiQC Version v1.12 now available!
[2022-04-13 22:01:47,388] multiqc                                            [INFO   ]  Load custom plugin search patterns
[2022-04-13 22:01:47,389] multiqc                                            [INFO   ]  This is MultiQC v1.9
[2022-04-13 22:01:47,389] multiqc                                            [DEBUG  ]  Command     : /home/tnguyen/.local/bin/multiqc .
[2022-04-13 22:01:47,389] multiqc                                            [DEBUG  ]  Working dir : /mnt/c/Zymo Research/Github/test_multiqc/Rplot
[2022-04-13 22:01:47,389] multiqc                                            [INFO   ]  Template    : zymo
[2022-04-13 22:01:47,389] multiqc                                            [DEBUG  ]  Running Python 3.8.10 (default, Nov 26 2021, 20:14:08)  [GCC 9.3.0]
[2022-04-13 22:01:47,389] multiqc                                            [INFO   ]  Searching   : /mnt/c/Zymo Research/Github/test_multiqc/Rplot
[2022-04-13 22:01:47,390] multiqc                                            [DEBUG  ]  Analysing modules: correlation, download, methyldackel, custom_content, conpair, peddy, somalier, methylQA, mosdepth, phantompeakqualtools, qualimap, preseq, quast, qorts, rna_seqc, rockhopper, rsem, rseqc, busco, goleft_indexcov, disambiguate, supernova, deeptools, sargasso, verifybamid, mirtrace, happy, mirtop, homer, macs2, theta2, snpeff, gatk, htseq, bcftools, featureCounts, fgbio, dragen, dedup, damageprofiler, biobambam2, mtnucratio, picard, prokka, samblaster, samtools, sexdeterrmine, bamtools, jellyfish, vcftools, longranger, stacks, varscan2, bbmap, bismark, biscuit, hicexplorer, hicup, hicpro, salmon, kallisto, slamdunk, star, hisat2, tophat, bowtie2, bowtie1, snpsplit, kat, leehom, adapterRemoval, clipandmerge, cutadapt, flexbar, kaiju, kraken, malt, trimmomatic, sickle, skewer, sortmerna, biobloomtools, fastq_screen, afterqc, fastp, fastqc, pycoqc, minionqc, multivcfanalyzer, clusterflow, bcl2fastq, interop, ivar, flash, seqyclean
[2022-04-13 22:01:47,390] multiqc                                            [DEBUG  ]  Using temporary directory for creating report: /tmp/tmpbvz510ug
[2022-04-13 22:01:47,941] multiqc                                            [DEBUG  ]  File ignored by hicexplorer because it exceeded search pattern filesize limit: crosstalk.js
[2022-04-13 22:01:48,007] multiqc                                            [DEBUG  ]  File ignored by longranger/invocation because it exceeded search pattern filesize limit: crosstalk.js
[2022-04-13 22:01:48,354] multiqc                                            [DEBUG  ]  File ignored by hicexplorer because it exceeded search pattern filesize limit: crosstalk.js.map
[2022-04-13 22:01:48,423] multiqc                                            [DEBUG  ]  File ignored by longranger/invocation because it exceeded search pattern filesize limit: crosstalk.js.map
[2022-04-13 22:01:48,787] multiqc                                            [DEBUG  ]  File ignored by hicexplorer because it exceeded search pattern filesize limit: crosstalk.min.js
[2022-04-13 22:01:48,873] multiqc                                            [DEBUG  ]  File ignored by longranger/invocation because it exceeded search pattern filesize limit: crosstalk.min.js
[2022-04-13 22:01:49,242] multiqc                                            [DEBUG  ]  File ignored by hicexplorer because it exceeded search pattern filesize limit: crosstalk.min.js.map
[2022-04-13 22:01:49,341] multiqc                                            [DEBUG  ]  File ignored by longranger/invocation because it exceeded search pattern filesize limit: crosstalk.min.js.map
[2022-04-13 22:01:50,043] multiqc                                            [DEBUG  ]  File ignored by hicexplorer because it exceeded search pattern filesize limit: htmlwidgets.js
[2022-04-13 22:01:50,120] multiqc                                            [DEBUG  ]  File ignored by longranger/invocation because it exceeded search pattern filesize limit: htmlwidgets.js
[2022-04-13 22:01:50,395] multiqc                                            [DEBUG  ]  File ignored by hicexplorer because it exceeded search pattern filesize limit: jquery-AUTHORS.txt
[2022-04-13 22:01:50,449] multiqc                                            [DEBUG  ]  File ignored by longranger/invocation because it exceeded search pattern filesize limit: jquery-AUTHORS.txt
[2022-04-13 22:01:50,698] multiqc                                            [DEBUG  ]  File ignored by hicexplorer because it exceeded search pattern filesize limit: jquery.js
[2022-04-13 22:01:50,754] multiqc                                            [DEBUG  ]  File ignored by longranger/invocation because it exceeded search pattern filesize limit: jquery.js
[2022-04-13 22:01:51,432] multiqc                                            [DEBUG  ]  File ignored by hicexplorer because it exceeded search pattern filesize limit: jquery.min.js
[2022-04-13 22:01:51,521] multiqc                                            [DEBUG  ]  File ignored by longranger/invocation because it exceeded search pattern filesize limit: jquery.min.js
[2022-04-13 22:01:51,976] multiqc                                            [DEBUG  ]  File ignored by hicexplorer because it exceeded search pattern filesize limit: jquery.min.map
[2022-04-13 22:01:52,112] multiqc                                            [DEBUG  ]  File ignored by longranger/invocation because it exceeded search pattern filesize limit: jquery.min.map
[2022-04-13 22:01:52,487] multiqc                                            [DEBUG  ]  File ignored by hicexplorer because it exceeded search pattern filesize limit: plotly.js
[2022-04-13 22:01:52,540] multiqc                                            [DEBUG  ]  File ignored by longranger/invocation because it exceeded search pattern filesize limit: plotly.js
[2022-04-13 22:01:53,238] multiqc                                            [DEBUG  ]  File ignored by hicexplorer because it exceeded search pattern filesize limit: plotly-latest.min.js
[2022-04-13 22:01:53,504] multiqc                                            [DEBUG  ]  File ignored by longranger/invocation because it exceeded search pattern filesize limit: plotly-latest.min.js
[2022-04-13 22:01:53,504] multiqc                                            [DEBUG  ]  File ignored by rockhopper because it exceeded search pattern filesize limit: plotly-latest.min.js
[2022-04-13 22:01:53,504] multiqc                                            [DEBUG  ]  File ignored by rseqc/bam_stat because it exceeded search pattern filesize limit: plotly-latest.min.js
[2022-04-13 22:01:53,505] multiqc                                            [DEBUG  ]  File ignored by rseqc/junction_annotation because it exceeded search pattern filesize limit: plotly-latest.min.js
[2022-04-13 22:01:53,505] multiqc                                            [DEBUG  ]  File ignored by rseqc/read_distribution because it exceeded search pattern filesize limit: plotly-latest.min.js
[2022-04-13 22:01:53,505] multiqc                                            [DEBUG  ]  File ignored by rseqc/infer_experiment because it exceeded search pattern filesize limit: plotly-latest.min.js
[2022-04-13 22:01:53,597] multiqc                                            [DEBUG  ]  File ignored by stacks/sumstats because it exceeded search pattern filesize limit: plotly-latest.min.js
[2022-04-13 22:01:56,774] multiqc                                            [DEBUG  ]  File ignored by hicexplorer because it exceeded search pattern filesize limit: typedarray.min.js
[2022-04-13 22:01:56,847] multiqc                                            [DEBUG  ]  File ignored by longranger/invocation because it exceeded search pattern filesize limit: typedarray.min.js
[2022-04-13 22:01:57,006] multiqc                                            [ERROR  ]  Oops! The 'correlation' MultiQC module broke... 
  Please copy the following traceback and report it at https://github.com/ewels/MultiQC/issues 
  If possible, please include a log file that triggers the error - the last file found was:
    None
============================================================
Module correlation raised an exception: Traceback (most recent call last):
  File "/home/tnguyen/.local/lib/python3.8/site-packages/multiqc/multiqc.py", line 567, in run
    mod = config.avail_modules[this_module].load()
  File "/usr/lib/python3/dist-packages/pkg_resources/__init__.py", line 2445, in load
    return self.resolve()
  File "/usr/lib/python3/dist-packages/pkg_resources/__init__.py", line 2451, in resolve
    module = __import__(self.module_name, fromlist=['__name__'], level=0)
  File "/home/tnguyen/.local/lib/python3.8/site-packages/plugins/modules/correlation/__init__.py", line 1, in <module>
    from .correlation import MultiqcModule
  File "/home/tnguyen/.local/lib/python3.8/site-packages/plugins/modules/correlation/correlation.py", line 4, in <module>
    import pandas as pd
ModuleNotFoundError: No module named 'pandas'
============================================================
[2022-04-13 22:01:57,573] multiqc.plots.bargraph                             [DEBUG  ]  Using matplotlib version 3.5.1
[2022-04-13 22:01:57,573] multiqc.plots.linegraph                            [DEBUG  ]  Using matplotlib version 3.5.1
[2022-04-13 22:01:57,581] multiqc.modules.custom_content.custom_content      [INFO   ]  fig1: Found 1 sample (html)
[2022-04-13 22:01:57,581] multiqc.modules.custom_content.custom_content      [INFO   ]  fig2: Found 1 sample (html)
[2022-04-13 22:01:57,581] multiqc.modules.custom_content.custom_content      [INFO   ]  fig3: Found 1 sample (html)
[2022-04-13 22:01:57,581] multiqc.modules.custom_content.custom_content      [INFO   ]  fig4: Found 1 sample (html)
[2022-04-13 22:01:57,584] multiqc                                            [DEBUG  ]  No samples found: conpair
[2022-04-13 22:01:57,586] multiqc                                            [DEBUG  ]  No samples found: peddy
[2022-04-13 22:01:57,588] multiqc                                            [DEBUG  ]  No samples found: somalier
[2022-04-13 22:01:57,590] multiqc                                            [DEBUG  ]  No samples found: methylQA
[2022-04-13 22:01:57,593] multiqc                                            [DEBUG  ]  No samples found: mosdepth
[2022-04-13 22:01:57,595] multiqc                                            [DEBUG  ]  No samples found: phantompeakqualtools
[2022-04-13 22:01:57,597] multiqc                                            [DEBUG  ]  No samples found: qualimap
[2022-04-13 22:01:57,599] multiqc                                            [DEBUG  ]  No samples found: preseq
[2022-04-13 22:01:57,601] multiqc                                            [DEBUG  ]  No samples found: quast
[2022-04-13 22:01:57,603] multiqc                                            [DEBUG  ]  No samples found: qorts
[2022-04-13 22:01:57,605] multiqc                                            [DEBUG  ]  No samples found: rna_seqc
[2022-04-13 22:01:57,607] multiqc                                            [DEBUG  ]  No samples found: rockhopper
[2022-04-13 22:01:57,609] multiqc                                            [DEBUG  ]  No samples found: rsem
[2022-04-13 22:01:57,612] multiqc                                            [DEBUG  ]  No samples found: rseqc
[2022-04-13 22:01:57,614] multiqc                                            [DEBUG  ]  No samples found: busco
[2022-04-13 22:01:57,617] multiqc                                            [DEBUG  ]  No samples found: goleft_indexcov
[2022-04-13 22:01:57,619] multiqc                                            [DEBUG  ]  No samples found: disambiguate
[2022-04-13 22:01:57,621] multiqc                                            [DEBUG  ]  No samples found: supernova
[2022-04-13 22:01:57,624] multiqc                                            [DEBUG  ]  No samples found: deeptools
[2022-04-13 22:01:57,626] multiqc                                            [DEBUG  ]  No samples found: sargasso
[2022-04-13 22:01:57,628] multiqc                                            [DEBUG  ]  No samples found: verifybamid
[2022-04-13 22:01:57,630] multiqc                                            [DEBUG  ]  No samples found: mirtrace
[2022-04-13 22:01:57,632] multiqc                                            [DEBUG  ]  No samples found: happy
[2022-04-13 22:01:57,634] multiqc                                            [DEBUG  ]  No samples found: mirtop
[2022-04-13 22:01:57,636] multiqc                                            [DEBUG  ]  No samples found: homer
[2022-04-13 22:01:57,638] multiqc                                            [DEBUG  ]  No samples found: macs2
[2022-04-13 22:01:57,640] multiqc                                            [DEBUG  ]  No samples found: theta2
[2022-04-13 22:01:57,641] multiqc                                            [DEBUG  ]  No samples found: snpeff
[2022-04-13 22:01:57,644] multiqc                                            [DEBUG  ]  No samples found: gatk
[2022-04-13 22:01:57,646] multiqc                                            [DEBUG  ]  No samples found: htseq
[2022-04-13 22:01:57,648] multiqc                                            [DEBUG  ]  No samples found: bcftools
[2022-04-13 22:01:57,650] multiqc                                            [DEBUG  ]  No samples found: featureCounts
[2022-04-13 22:01:57,652] multiqc                                            [DEBUG  ]  No samples found: fgbio
[2022-04-13 22:01:57,655] multiqc                                            [DEBUG  ]  No samples found: dragen
[2022-04-13 22:01:57,657] multiqc                                            [DEBUG  ]  No samples found: dedup
[2022-04-13 22:01:57,659] multiqc                                            [DEBUG  ]  No samples found: damageprofiler
[2022-04-13 22:01:57,663] multiqc                                            [DEBUG  ]  No samples found: biobambam2
[2022-04-13 22:01:57,666] multiqc                                            [DEBUG  ]  No samples found: mtnucratio
[2022-04-13 22:01:57,667] multiqc                                            [DEBUG  ]  No samples found: picard
[2022-04-13 22:01:57,669] multiqc                                            [DEBUG  ]  No samples found: prokka
[2022-04-13 22:01:57,671] multiqc                                            [DEBUG  ]  No samples found: samblaster
[2022-04-13 22:01:57,673] multiqc                                            [DEBUG  ]  No samples found: samtools
[2022-04-13 22:01:57,675] multiqc                                            [DEBUG  ]  No samples found: sexdeterrmine
[2022-04-13 22:01:57,677] multiqc                                            [DEBUG  ]  No samples found: bamtools
[2022-04-13 22:01:57,679] multiqc                                            [DEBUG  ]  No samples found: jellyfish
[2022-04-13 22:01:57,681] multiqc                                            [DEBUG  ]  No samples found: vcftools
[2022-04-13 22:01:57,683] multiqc                                            [DEBUG  ]  No samples found: longranger
[2022-04-13 22:01:57,685] multiqc                                            [DEBUG  ]  No samples found: stacks
[2022-04-13 22:01:57,686] multiqc                                            [DEBUG  ]  No samples found: varscan2
[2022-04-13 22:01:57,690] multiqc                                            [DEBUG  ]  No samples found: bbmap
[2022-04-13 22:01:57,692] multiqc                                            [DEBUG  ]  No samples found: bismark
[2022-04-13 22:01:57,695] multiqc                                            [DEBUG  ]  No samples found: biscuit
[2022-04-13 22:01:57,696] multiqc                                            [DEBUG  ]  No samples found: hicexplorer
[2022-04-13 22:01:57,698] multiqc                                            [DEBUG  ]  No samples found: hicup
[2022-04-13 22:01:57,700] multiqc                                            [DEBUG  ]  No samples found: hicpro
[2022-04-13 22:01:57,702] multiqc                                            [DEBUG  ]  No samples found: salmon
[2022-04-13 22:01:57,704] multiqc                                            [DEBUG  ]  No samples found: kallisto
[2022-04-13 22:01:57,706] multiqc                                            [DEBUG  ]  No samples found: slamdunk
[2022-04-13 22:01:57,708] multiqc                                            [DEBUG  ]  No samples found: star
[2022-04-13 22:01:57,710] multiqc                                            [DEBUG  ]  No samples found: hisat2
[2022-04-13 22:01:57,711] multiqc                                            [DEBUG  ]  No samples found: tophat
[2022-04-13 22:01:57,713] multiqc                                            [DEBUG  ]  No samples found: bowtie2
[2022-04-13 22:01:57,715] multiqc                                            [DEBUG  ]  No samples found: bowtie1
[2022-04-13 22:01:57,717] multiqc                                            [DEBUG  ]  No samples found: snpsplit
[2022-04-13 22:01:57,718] multiqc                                            [DEBUG  ]  No samples found: kat
[2022-04-13 22:01:57,720] multiqc                                            [DEBUG  ]  No samples found: leehom
[2022-04-13 22:01:57,722] multiqc                                            [DEBUG  ]  No samples found: adapterRemoval
[2022-04-13 22:01:57,724] multiqc                                            [DEBUG  ]  No samples found: clipandmerge
[2022-04-13 22:01:57,726] multiqc                                            [DEBUG  ]  No samples found: cutadapt
[2022-04-13 22:01:57,728] multiqc                                            [DEBUG  ]  No samples found: flexbar
[2022-04-13 22:01:57,729] multiqc                                            [DEBUG  ]  No samples found: kaiju
[2022-04-13 22:01:57,731] multiqc                                            [DEBUG  ]  No samples found: kraken
[2022-04-13 22:01:57,733] multiqc                                            [DEBUG  ]  No samples found: malt
[2022-04-13 22:01:57,735] multiqc                                            [DEBUG  ]  No samples found: trimmomatic
[2022-04-13 22:01:57,737] multiqc                                            [DEBUG  ]  No samples found: sickle
[2022-04-13 22:01:57,738] multiqc                                            [DEBUG  ]  No samples found: skewer
[2022-04-13 22:01:57,740] multiqc                                            [DEBUG  ]  No samples found: sortmerna
[2022-04-13 22:01:57,742] multiqc                                            [DEBUG  ]  No samples found: biobloomtools
[2022-04-13 22:01:57,744] multiqc                                            [DEBUG  ]  No samples found: fastq_screen
[2022-04-13 22:01:57,745] multiqc                                            [DEBUG  ]  No samples found: afterqc
[2022-04-13 22:01:57,747] multiqc                                            [DEBUG  ]  No samples found: fastp
[2022-04-13 22:01:57,750] multiqc                                            [DEBUG  ]  No samples found: fastqc
[2022-04-13 22:01:57,751] multiqc                                            [DEBUG  ]  No samples found: pycoqc
[2022-04-13 22:01:57,753] multiqc                                            [DEBUG  ]  No samples found: minionqc
[2022-04-13 22:01:57,755] multiqc                                            [DEBUG  ]  No samples found: multivcfanalyzer
[2022-04-13 22:01:57,757] multiqc                                            [DEBUG  ]  No samples found: clusterflow
[2022-04-13 22:01:57,758] multiqc                                            [DEBUG  ]  No samples found: bcl2fastq
[2022-04-13 22:01:57,760] multiqc                                            [DEBUG  ]  No samples found: interop
[2022-04-13 22:01:57,762] multiqc                                            [DEBUG  ]  No samples found: ivar
[2022-04-13 22:01:57,764] multiqc                                            [DEBUG  ]  No samples found: flash
[2022-04-13 22:01:57,765] multiqc                                            [DEBUG  ]  No samples found: seqyclean
[2022-04-13 22:01:57,765] multiqc                                            [INFO   ]  Compressing plot data
[2022-04-13 22:01:57,767] multiqc                                            [INFO   ]  Report      : multiqc_report.html
[2022-04-13 22:01:57,767] multiqc                                            [INFO   ]  Data        : multiqc_data
[2022-04-13 22:01:57,767] multiqc                                            [DEBUG  ]  Moving data file from '/tmp/tmpbvz510ug/multiqc_data' to '/mnt/c/Zymo Research/Github/test_multiqc/Rplot/multiqc_data'
[2022-04-13 22:01:57,866] multiqc                                            [INFO   ]  MultiQC complete
